2022-07-20 20:23:01.833 [http-nio-8082-exec-10] ERROR com.phoenix.free.aspect.AuthAspect - ------------
2022-07-20 20:23:01.836 [http-nio-8082-exec-10] ERROR com.phoenix.free.aspect.AuthAspect - operator: 1
2022-07-20 20:23:01.836 [http-nio-8082-exec-10] ERROR com.phoenix.free.aspect.AuthAspect - operation: getUserWeeklyHealthInfo
2022-07-20 20:23:07.256 [http-nio-8082-exec-5] ERROR com.phoenix.free.aspect.AuthAspect - ------------
2022-07-20 20:23:07.256 [http-nio-8082-exec-5] ERROR com.phoenix.free.aspect.AuthAspect - operator: 1
2022-07-20 20:23:07.257 [http-nio-8082-exec-5] ERROR com.phoenix.free.aspect.AuthAspect - operation: getUserDailyHealthInfo
2022-07-20 20:23:32.166 [http-nio-8082-exec-1] ERROR com.phoenix.free.aspect.AuthAspect - ------------
2022-07-20 20:23:32.166 [http-nio-8082-exec-1] ERROR com.phoenix.free.aspect.AuthAspect - operator: 1
2022-07-20 20:23:32.166 [http-nio-8082-exec-1] ERROR com.phoenix.free.aspect.AuthAspect - operation: addFoodClockIn
2022-07-20 20:23:41.504 [http-nio-8082-exec-4] ERROR com.phoenix.free.aspect.AuthAspect - ------------
2022-07-20 20:23:41.505 [http-nio-8082-exec-4] ERROR com.phoenix.free.aspect.AuthAspect - operator: 1
2022-07-20 20:23:41.505 [http-nio-8082-exec-4] ERROR com.phoenix.free.aspect.AuthAspect - operation: getUserDailyHealthInfo
2022-07-20 20:23:54.033 [http-nio-8082-exec-6] ERROR com.phoenix.free.aspect.AuthAspect - ------------
2022-07-20 20:23:54.033 [http-nio-8082-exec-6] ERROR com.phoenix.free.aspect.AuthAspect - operator: 1
2022-07-20 20:23:54.033 [http-nio-8082-exec-6] ERROR com.phoenix.free.aspect.AuthAspect - operation: addExerciseClockIn
2022-07-20 20:23:55.584 [http-nio-8082-exec-3] ERROR com.phoenix.free.aspect.AuthAspect - ------------
2022-07-20 20:23:55.585 [http-nio-8082-exec-3] ERROR com.phoenix.free.aspect.AuthAspect - operator: 1
2022-07-20 20:23:55.585 [http-nio-8082-exec-3] ERROR com.phoenix.free.aspect.AuthAspect - operation: addExerciseClockIn
2022-07-20 20:23:59.931 [http-nio-8082-exec-7] ERROR com.phoenix.free.aspect.AuthAspect - ------------
2022-07-20 20:23:59.931 [http-nio-8082-exec-7] ERROR com.phoenix.free.aspect.AuthAspect - operator: 1
2022-07-20 20:23:59.932 [http-nio-8082-exec-7] ERROR com.phoenix.free.aspect.AuthAspect - operation: getUserDailyHealthInfo
2022-07-20 20:24:27.937 [http-nio-8082-exec-8] ERROR com.phoenix.free.aspect.AuthAspect - ------------
2022-07-20 20:24:27.937 [http-nio-8082-exec-8] ERROR com.phoenix.free.aspect.AuthAspect - operator: 1
2022-07-20 20:24:27.937 [http-nio-8082-exec-8] ERROR com.phoenix.free.aspect.AuthAspect - operation: getSevenDaysGraph
